<?xml version="1.0" encoding="UTF-8"?>
<testsuite name="Functiontest" tests="3" skipped="0" failures="0" errors="0" timestamp="2022-11-25T13:52:08" hostname="DESKTOP-UHE8B4N" time="0.02">
  <properties/>
  <testcase name="tesPow()" classname="Functiontest" time="0.017"/>
  <testcase name="testConcat()" classname="Functiontest" time="0.001"/>
  <testcase name="tesIsFive()" classname="Functiontest" time="0.001"/>
  <system-out><![CDATA[]]></system-out>
  <system-err><![CDATA[]]></system-err>
</testsuite>
