<?xml version="1.0" encoding="UTF-8"?>
<testsuite name="Functiontest" tests="3" skipped="0" failures="0" errors="0" timestamp="2022-10-10T08:15:37" hostname="DESKTOP-UHE8B4N" time="0.021">
  <properties/>
  <testcase name="tesPow()" classname="Functiontest" time="0.018"/>
  <testcase name="testConcat()" classname="Functiontest" time="0.001"/>
  <testcase name="tesIsFive()" classname="Functiontest" time="0.0"/>
  <system-out><![CDATA[]]></system-out>
  <system-err><![CDATA[]]></system-err>
</testsuite>
